Starting pipeline at Sun Mar 22 23:20:09 IST 2026
Pipeline completed successfully at Sun Mar 22 23:20:10 IST 2026
Starting pipeline at Sun Mar 22 23:32:01 IST 2026
Downloading employee data...
  % Total    % Received % Xferd  Average Speed   Time    Time     Time  Current
                                 Dload  Upload   Total   Spent    Left  Speed
  0     0    0     0    0     0      0      0 --:--:-- --:--:-- --:--:--     0100  3778  100  3778    0     0   7496      0 --:--:-- --:--:-- --:--:--  7496100  3778  100  3778    0     0   7496      0 --:--:-- --:--:-- --:--:--  7481
Download completed!
Processing + JSON conversion completed!
Pipeline completed at Sun Mar 22 23:32:02 IST 2026
Starting pipeline at Sun Mar 22 23:37:42 IST 2026
Downloading employee data...
  % Total    % Received % Xferd  Average Speed   Time    Time     Time  Current
                                 Dload  Upload   Total   Spent    Left  Speed
  0     0    0     0    0     0      0      0 --:--:-- --:--:-- --:--:--     0100  3778  100  3778    0     0   5182      0 --:--:-- --:--:-- --:--:--  5182
Download completed!
Processing + JSON conversion completed!
Pipeline completed at Sun Mar 22 23:37:43 IST 2026
Starting pipeline at Mon Mar 23 14:55:38 IST 2026
Downloading employee data...
  % Total    % Received % Xferd  Average Speed   Time    Time     Time  Current
                                 Dload  Upload   Total   Spent    Left  Speed
  0     0    0     0    0     0      0      0 --:--:-- --:--:-- --:--:--     0100  3778  100  3778    0     0   8605      0 --:--:-- --:--:-- --:--:--  8605
Download completed!
Processing + JSON conversion completed!
Pipeline completed at Mon Mar 23 14:55:39 IST 2026
